<?xml version="1.0" encoding="UTF-8"?>
<!-- Generated by org.testng.reporters.JUnitXMLReporter -->
<testsuite ignored="0" hostname="ZIL1311" failures="0" tests="4" name="Default test" time="20.022" errors="0" timestamp="2023-02-04T08:46:49 IST">
  <testcase classname="ecomm.testcases.TestHomePage" name="testCreateAccountLink" time="1.054"/>
  <testcase classname="ecomm.testcases.TestHomePage" name="testLogo" time="0.025"/>
  <testcase classname="ecomm.testcases.TestHomePage" name="testPageTitle" time="0.006"/>
  <testcase classname="ecomm.testcases.TestHomePage" name="testSignInLink" time="1.032"/>
</testsuite> <!-- Default test -->
