<?xml version="1.0" encoding="UTF-8"?>
<testng-results ignored="0" total="4" passed="4" failed="0" skipped="0">
  <reporter-output>
  </reporter-output>
  <suite started-at="2023-02-04T08:46:29 IST" name="Default suite" finished-at="2023-02-04T08:46:49 IST" duration-ms="20022">
    <groups>
    </groups>
    <test started-at="2023-02-04T08:46:29 IST" name="Default test" finished-at="2023-02-04T08:46:49 IST" duration-ms="20022">
      <class name="ecomm.testcases.TestHomePage">
        <test-method is-config="true" signature="launchBrowser()[pri:0, instance:ecomm.testcases.TestHomePage@1b11171f]" started-at="2023-02-04T08:46:29 IST" name="launchBrowser" finished-at="2023-02-04T08:46:34 IST" duration-ms="4379" status="PASS">
          <reporter-output>
          </reporter-output>
        </test-method> <!-- launchBrowser -->
        <test-method signature="testCreateAccountLink()[pri:0, instance:ecomm.testcases.TestHomePage@1b11171f]" started-at="2023-02-04T08:46:34 IST" name="testCreateAccountLink" finished-at="2023-02-04T08:46:35 IST" duration-ms="1054" status="PASS">
          <reporter-output>
          </reporter-output>
        </test-method> <!-- testCreateAccountLink -->
        <test-method is-config="true" signature="closeAction()[pri:0, instance:ecomm.testcases.TestHomePage@1b11171f]" started-at="2023-02-04T08:46:35 IST" name="closeAction" finished-at="2023-02-04T08:46:36 IST" duration-ms="1712" status="PASS">
          <reporter-output>
          </reporter-output>
        </test-method> <!-- closeAction -->
        <test-method is-config="true" signature="launchBrowser()[pri:0, instance:ecomm.testcases.TestHomePage@1b11171f]" started-at="2023-02-04T08:46:36 IST" name="launchBrowser" finished-at="2023-02-04T08:46:39 IST" duration-ms="2293" status="PASS">
          <reporter-output>
          </reporter-output>
        </test-method> <!-- launchBrowser -->
        <test-method signature="testLogo()[pri:0, instance:ecomm.testcases.TestHomePage@1b11171f]" started-at="2023-02-04T08:46:39 IST" name="testLogo" finished-at="2023-02-04T08:46:39 IST" duration-ms="25" status="PASS">
          <reporter-output>
          </reporter-output>
        </test-method> <!-- testLogo -->
        <test-method is-config="true" signature="closeAction()[pri:0, instance:ecomm.testcases.TestHomePage@1b11171f]" started-at="2023-02-04T08:46:39 IST" name="closeAction" finished-at="2023-02-04T08:46:41 IST" duration-ms="1756" status="PASS">
          <reporter-output>
          </reporter-output>
        </test-method> <!-- closeAction -->
        <test-method is-config="true" signature="launchBrowser()[pri:0, instance:ecomm.testcases.TestHomePage@1b11171f]" started-at="2023-02-04T08:46:41 IST" name="launchBrowser" finished-at="2023-02-04T08:46:43 IST" duration-ms="2146" status="PASS">
          <reporter-output>
          </reporter-output>
        </test-method> <!-- launchBrowser -->
        <test-method signature="testPageTitle()[pri:0, instance:ecomm.testcases.TestHomePage@1b11171f]" started-at="2023-02-04T08:46:43 IST" name="testPageTitle" finished-at="2023-02-04T08:46:43 IST" duration-ms="6" status="PASS">
          <reporter-output>
          </reporter-output>
        </test-method> <!-- testPageTitle -->
        <test-method is-config="true" signature="closeAction()[pri:0, instance:ecomm.testcases.TestHomePage@1b11171f]" started-at="2023-02-04T08:46:43 IST" name="closeAction" finished-at="2023-02-04T08:46:44 IST" duration-ms="1696" status="PASS">
          <reporter-output>
          </reporter-output>
        </test-method> <!-- closeAction -->
        <test-method is-config="true" signature="launchBrowser()[pri:0, instance:ecomm.testcases.TestHomePage@1b11171f]" started-at="2023-02-04T08:46:44 IST" name="launchBrowser" finished-at="2023-02-04T08:46:47 IST" duration-ms="2200" status="PASS">
          <reporter-output>
          </reporter-output>
        </test-method> <!-- launchBrowser -->
        <test-method signature="testSignInLink()[pri:0, instance:ecomm.testcases.TestHomePage@1b11171f]" started-at="2023-02-04T08:46:47 IST" name="testSignInLink" finished-at="2023-02-04T08:46:48 IST" duration-ms="1032" status="PASS">
          <reporter-output>
          </reporter-output>
        </test-method> <!-- testSignInLink -->
        <test-method is-config="true" signature="closeAction()[pri:0, instance:ecomm.testcases.TestHomePage@1b11171f]" started-at="2023-02-04T08:46:48 IST" name="closeAction" finished-at="2023-02-04T08:46:49 IST" duration-ms="1692" status="PASS">
          <reporter-output>
          </reporter-output>
        </test-method> <!-- closeAction -->
      </class> <!-- ecomm.testcases.TestHomePage -->
    </test> <!-- Default test -->
  </suite> <!-- Default suite -->
</testng-results>
